d:\github\httpsniffer\sniffer\debug\vc120.pdb
d:\github\httpsniffer\sniffer\debug\vc120.idb
d:\github\httpsniffer\sniffer\debug\http.obj
d:\github\httpsniffer\sniffer\debug\mystring.obj
d:\github\httpsniffer\sniffer\debug\sniffer.obj
d:\github\httpsniffer\sniffer\debug\snifferdlg.obj
d:\github\httpsniffer\sniffer\debug\sniffer.res
d:\github\httpsniffer\debug\sniffer.pdb
d:\github\httpsniffer\sniffer\debug\sniffer.tlog\cl.command.1.tlog
d:\github\httpsniffer\sniffer\debug\sniffer.tlog\cl.read.1.tlog
d:\github\httpsniffer\sniffer\debug\sniffer.tlog\cl.write.1.tlog
d:\github\httpsniffer\sniffer\debug\sniffer.tlog\link-cvtres.read.1.tlog
d:\github\httpsniffer\sniffer\debug\sniffer.tlog\link-cvtres.write.1.tlog
d:\github\httpsniffer\sniffer\debug\sniffer.tlog\link-rc.read.1.tlog
d:\github\httpsniffer\sniffer\debug\sniffer.tlog\link-rc.write.1.tlog
d:\github\httpsniffer\sniffer\debug\sniffer.tlog\link.command.1.tlog
d:\github\httpsniffer\sniffer\debug\sniffer.tlog\link.read.1.tlog
d:\github\httpsniffer\sniffer\debug\sniffer.tlog\link.write.1.tlog
d:\github\httpsniffer\sniffer\debug\sniffer.tlog\rc.command.1.tlog
d:\github\httpsniffer\sniffer\debug\sniffer.tlog\rc.read.1.tlog
d:\github\httpsniffer\sniffer\debug\sniffer.tlog\rc.write.1.tlog
